Oct 09, 2014 3:38:54 PM org.apache.catalina.core.AprLifecycleListener init
INFO: The APR based Apache Tomcat Native library which allows optimal performance in production environments was not found on the java.library.path: /usr/java/packages/lib/i386:/lib:/usr/lib
Oct 09, 2014 3:38:58 PM org.apache.coyote.AbstractProtocol init
INFO: Initializing ProtocolHandler ["http-bio-8083"]
Oct 09, 2014 3:38:58 PM org.apache.coyote.AbstractProtocol init
INFO: Initializing ProtocolHandler ["ajp-bio-8022"]
Oct 09, 2014 3:38:59 PM org.apache.catalina.startup.Catalina load
INFO: Initialization processed in 9829 ms
Oct 09, 2014 3:38:59 PM org.apache.catalina.core.StandardService startInternal
INFO: Starting service Catalina
Oct 09, 2014 3:38:59 PM org.apache.catalina.core.StandardEngine startInternal
INFO: Starting Servlet Engine: Apache Tomcat/7.0.56
Oct 09, 2014 3:38:59 PM org.apache.catalina.startup.HostConfig deployDirectory
INFO: Deploying web application directory /home/evil/Documents/Test/tomcat7-mpos/webapps/manager
Oct 09, 2014 3:39:05 PM org.apache.catalina.util.SessionIdGenerator createSecureRandom
INFO: Creation of SecureRandom instance for session ID generation using [SHA1PRNG] took [117] milliseconds.
Oct 09, 2014 3:39:05 PM org.apache.catalina.startup.HostConfig deployDirectory
INFO: Deployment of web application directory /home/evil/Documents/Test/tomcat7-mpos/webapps/manager has finished in 5,951 ms
Oct 09, 2014 3:39:05 PM org.apache.catalina.startup.HostConfig deployDirectory
INFO: Deploying web application directory /home/evil/Documents/Test/tomcat7-mpos/webapps/host-manager
Oct 09, 2014 3:39:07 PM org.apache.catalina.startup.HostConfig deployDirectory
INFO: Deployment of web application directory /home/evil/Documents/Test/tomcat7-mpos/webapps/host-manager has finished in 1,368 ms
Oct 09, 2014 3:39:07 PM org.apache.catalina.startup.HostConfig deployDirectory
INFO: Deploying web application directory /home/evil/Documents/Test/tomcat7-mpos/webapps/docs
Oct 09, 2014 3:39:08 PM org.apache.catalina.startup.HostConfig deployDirectory
INFO: Deployment of web application directory /home/evil/Documents/Test/tomcat7-mpos/webapps/docs has finished in 911 ms
Oct 09, 2014 3:39:08 PM org.apache.catalina.startup.HostConfig deployDirectory
INFO: Deploying web application directory /home/evil/Documents/Test/tomcat7-mpos/webapps/examples
Oct 09, 2014 3:39:13 PM org.apache.catalina.startup.HostConfig deployDirectory
INFO: Deployment of web application directory /home/evil/Documents/Test/tomcat7-mpos/webapps/examples has finished in 4,893 ms
Oct 09, 2014 3:39:13 PM org.apache.catalina.startup.HostConfig deployDirectory
INFO: Deploying web application directory /home/evil/Documents/Test/tomcat7-mpos/webapps/ROOT
Oct 09, 2014 3:39:14 PM org.apache.catalina.startup.HostConfig deployDirectory
INFO: Deployment of web application directory /home/evil/Documents/Test/tomcat7-mpos/webapps/ROOT has finished in 999 ms
Oct 09, 2014 3:39:14 PM org.apache.coyote.AbstractProtocol start
INFO: Starting ProtocolHandler ["http-bio-8083"]
Oct 09, 2014 3:39:14 PM org.apache.coyote.AbstractProtocol start
INFO: Starting ProtocolHandler ["ajp-bio-8022"]
Oct 09, 2014 3:39:14 PM org.apache.catalina.startup.Catalina start
INFO: Server startup in 15196 ms
Oct 09, 2014 3:44:20 PM org.apache.catalina.core.AprLifecycleListener init
INFO: The APR based Apache Tomcat Native library which allows optimal performance in production environments was not found on the java.library.path: /usr/java/packages/lib/i386:/lib:/usr/lib
Oct 09, 2014 3:44:25 PM org.apache.coyote.AbstractProtocol init
INFO: Initializing ProtocolHandler ["http-bio-8083"]
Oct 09, 2014 3:44:25 PM org.apache.coyote.AbstractProtocol init
SEVERE: Failed to initialize end point associated with ProtocolHandler ["http-bio-8083"]
java.net.BindException: Address already in use <null>:8083
	at org.apache.tomcat.util.net.JIoEndpoint.bind(JIoEndpoint.java:411)
	at org.apache.tomcat.util.net.AbstractEndpoint.init(AbstractEndpoint.java:646)
	at org.apache.coyote.AbstractProtocol.init(AbstractProtocol.java:434)
	at org.apache.coyote.http11.AbstractHttp11JsseProtocol.init(AbstractHttp11JsseProtocol.java:119)
	at org.apache.catalina.connector.Connector.initInternal(Connector.java:978)
	at org.apache.catalina.util.LifecycleBase.init(LifecycleBase.java:102)
	at org.apache.catalina.core.StandardService.initInternal(StandardService.java:559)
	at org.apache.catalina.util.LifecycleBase.init(LifecycleBase.java:102)
	at org.apache.catalina.core.StandardServer.initInternal(StandardServer.java:821)
	at org.apache.catalina.util.LifecycleBase.init(LifecycleBase.java:102)
	at org.apache.catalina.startup.Catalina.load(Catalina.java:638)
	at org.apache.catalina.startup.Catalina.load(Catalina.java:663)
	at sun.reflect.NativeMethodAccessorImpl.invoke0(Native Method)
	at sun.reflect.NativeMethodAccessorImpl.invoke(NativeMethodAccessorImpl.java:62)
	at sun.reflect.DelegatingMethodAccessorImpl.invoke(DelegatingMethodAccessorImpl.java:43)
	at java.lang.reflect.Method.invoke(Method.java:483)
	at org.apache.catalina.startup.Bootstrap.load(Bootstrap.java:280)
	at org.apache.catalina.startup.Bootstrap.main(Bootstrap.java:454)
Caused by: java.net.BindException: Address already in use
	at java.net.PlainSocketImpl.socketBind(Native Method)
	at java.net.AbstractPlainSocketImpl.bind(AbstractPlainSocketImpl.java:382)
	at java.net.ServerSocket.bind(ServerSocket.java:375)
	at java.net.ServerSocket.<init>(ServerSocket.java:237)
	at java.net.ServerSocket.<init>(ServerSocket.java:181)
	at org.apache.tomcat.util.net.DefaultServerSocketFactory.createSocket(DefaultServerSocketFactory.java:49)
	at org.apache.tomcat.util.net.JIoEndpoint.bind(JIoEndpoint.java:398)
	... 17 more

Oct 09, 2014 3:44:25 PM org.apache.catalina.core.StandardService initInternal
SEVERE: Failed to initialize connector [Connector[HTTP/1.1-8083]]
org.apache.catalina.LifecycleException: Failed to initialize component [Connector[HTTP/1.1-8083]]
	at org.apache.catalina.util.LifecycleBase.init(LifecycleBase.java:106)
	at org.apache.catalina.core.StandardService.initInternal(StandardService.java:559)
	at org.apache.catalina.util.LifecycleBase.init(LifecycleBase.java:102)
	at org.apache.catalina.core.StandardServer.initInternal(StandardServer.java:821)
	at org.apache.catalina.util.LifecycleBase.init(LifecycleBase.java:102)
	at org.apache.catalina.startup.Catalina.load(Catalina.java:638)
	at org.apache.catalina.startup.Catalina.load(Catalina.java:663)
	at sun.reflect.NativeMethodAccessorImpl.invoke0(Native Method)
	at sun.reflect.NativeMethodAccessorImpl.invoke(NativeMethodAccessorImpl.java:62)
	at sun.reflect.DelegatingMethodAccessorImpl.invoke(DelegatingMethodAccessorImpl.java:43)
	at java.lang.reflect.Method.invoke(Method.java:483)
	at org.apache.catalina.startup.Bootstrap.load(Bootstrap.java:280)
	at org.apache.catalina.startup.Bootstrap.main(Bootstrap.java:454)
Caused by: org.apache.catalina.LifecycleException: Protocol handler initialization failed
	at org.apache.catalina.connector.Connector.initInternal(Connector.java:980)
	at org.apache.catalina.util.LifecycleBase.init(LifecycleBase.java:102)
	... 12 more
Caused by: java.net.BindException: Address already in use <null>:8083
	at org.apache.tomcat.util.net.JIoEndpoint.bind(JIoEndpoint.java:411)
	at org.apache.tomcat.util.net.AbstractEndpoint.init(AbstractEndpoint.java:646)
	at org.apache.coyote.AbstractProtocol.init(AbstractProtocol.java:434)
	at org.apache.coyote.http11.AbstractHttp11JsseProtocol.init(AbstractHttp11JsseProtocol.java:119)
	at org.apache.catalina.connector.Connector.initInternal(Connector.java:978)
	... 13 more
Caused by: java.net.BindException: Address already in use
	at java.net.PlainSocketImpl.socketBind(Native Method)
	at java.net.AbstractPlainSocketImpl.bind(AbstractPlainSocketImpl.java:382)
	at java.net.ServerSocket.bind(ServerSocket.java:375)
	at java.net.ServerSocket.<init>(ServerSocket.java:237)
	at java.net.ServerSocket.<init>(ServerSocket.java:181)
	at org.apache.tomcat.util.net.DefaultServerSocketFactory.createSocket(DefaultServerSocketFactory.java:49)
	at org.apache.tomcat.util.net.JIoEndpoint.bind(JIoEndpoint.java:398)
	... 17 more

Oct 09, 2014 3:44:25 PM org.apache.coyote.AbstractProtocol init
INFO: Initializing ProtocolHandler ["ajp-bio-8022"]
Oct 09, 2014 3:44:25 PM org.apache.coyote.AbstractProtocol init
SEVERE: Failed to initialize end point associated with ProtocolHandler ["ajp-bio-8022"]
java.net.BindException: Address already in use <null>:8022
	at org.apache.tomcat.util.net.JIoEndpoint.bind(JIoEndpoint.java:411)
	at org.apache.tomcat.util.net.AbstractEndpoint.init(AbstractEndpoint.java:646)
	at org.apache.coyote.AbstractProtocol.init(AbstractProtocol.java:434)
	at org.apache.catalina.connector.Connector.initInternal(Connector.java:978)
	at org.apache.catalina.util.LifecycleBase.init(LifecycleBase.java:102)
	at org.apache.catalina.core.StandardService.initInternal(StandardService.java:559)
	at org.apache.catalina.util.LifecycleBase.init(LifecycleBase.java:102)
	at org.apache.catalina.core.StandardServer.initInternal(StandardServer.java:821)
	at org.apache.catalina.util.LifecycleBase.init(LifecycleBase.java:102)
	at org.apache.catalina.startup.Catalina.load(Catalina.java:638)
	at org.apache.catalina.startup.Catalina.load(Catalina.java:663)
	at sun.reflect.NativeMethodAccessorImpl.invoke0(Native Method)
	at sun.reflect.NativeMethodAccessorImpl.invoke(NativeMethodAccessorImpl.java:62)
	at sun.reflect.DelegatingMethodAccessorImpl.invoke(DelegatingMethodAccessorImpl.java:43)
	at java.lang.reflect.Method.invoke(Method.java:483)
	at org.apache.catalina.startup.Bootstrap.load(Bootstrap.java:280)
	at org.apache.catalina.startup.Bootstrap.main(Bootstrap.java:454)
Caused by: java.net.BindException: Address already in use
	at java.net.PlainSocketImpl.socketBind(Native Method)
	at java.net.AbstractPlainSocketImpl.bind(AbstractPlainSocketImpl.java:382)
	at java.net.ServerSocket.bind(ServerSocket.java:375)
	at java.net.ServerSocket.<init>(ServerSocket.java:237)
	at java.net.ServerSocket.<init>(ServerSocket.java:181)
	at org.apache.tomcat.util.net.DefaultServerSocketFactory.createSocket(DefaultServerSocketFactory.java:49)
	at org.apache.tomcat.util.net.JIoEndpoint.bind(JIoEndpoint.java:398)
	... 16 more

Oct 09, 2014 3:44:26 PM org.apache.catalina.core.StandardService initInternal
SEVERE: Failed to initialize connector [Connector[AJP/1.3-8022]]
org.apache.catalina.LifecycleException: Failed to initialize component [Connector[AJP/1.3-8022]]
	at org.apache.catalina.util.LifecycleBase.init(LifecycleBase.java:106)
	at org.apache.catalina.core.StandardService.initInternal(StandardService.java:559)
	at org.apache.catalina.util.LifecycleBase.init(LifecycleBase.java:102)
	at org.apache.catalina.core.StandardServer.initInternal(StandardServer.java:821)
	at org.apache.catalina.util.LifecycleBase.init(LifecycleBase.java:102)
	at org.apache.catalina.startup.Catalina.load(Catalina.java:638)
	at org.apache.catalina.startup.Catalina.load(Catalina.java:663)
	at sun.reflect.NativeMethodAccessorImpl.invoke0(Native Method)
	at sun.reflect.NativeMethodAccessorImpl.invoke(NativeMethodAccessorImpl.java:62)
	at sun.reflect.DelegatingMethodAccessorImpl.invoke(DelegatingMethodAccessorImpl.java:43)
	at java.lang.reflect.Method.invoke(Method.java:483)
	at org.apache.catalina.startup.Bootstrap.load(Bootstrap.java:280)
	at org.apache.catalina.startup.Bootstrap.main(Bootstrap.java:454)
Caused by: org.apache.catalina.LifecycleException: Protocol handler initialization failed
	at org.apache.catalina.connector.Connector.initInternal(Connector.java:980)
	at org.apache.catalina.util.LifecycleBase.init(LifecycleBase.java:102)
	... 12 more
Caused by: java.net.BindException: Address already in use <null>:8022
	at org.apache.tomcat.util.net.JIoEndpoint.bind(JIoEndpoint.java:411)
	at org.apache.tomcat.util.net.AbstractEndpoint.init(AbstractEndpoint.java:646)
	at org.apache.coyote.AbstractProtocol.init(AbstractProtocol.java:434)
	at org.apache.catalina.connector.Connector.initInternal(Connector.java:978)
	... 13 more
Caused by: java.net.BindException: Address already in use
	at java.net.PlainSocketImpl.socketBind(Native Method)
	at java.net.AbstractPlainSocketImpl.bind(AbstractPlainSocketImpl.java:382)
	at java.net.ServerSocket.bind(ServerSocket.java:375)
	at java.net.ServerSocket.<init>(ServerSocket.java:237)
	at java.net.ServerSocket.<init>(ServerSocket.java:181)
	at org.apache.tomcat.util.net.DefaultServerSocketFactory.createSocket(DefaultServerSocketFactory.java:49)
	at org.apache.tomcat.util.net.JIoEndpoint.bind(JIoEndpoint.java:398)
	... 16 more

Oct 09, 2014 3:44:26 PM org.apache.catalina.startup.Catalina load
INFO: Initialization processed in 9724 ms
Oct 09, 2014 3:44:26 PM org.apache.catalina.core.StandardService startInternal
INFO: Starting service Catalina
Oct 09, 2014 3:44:26 PM org.apache.catalina.core.StandardEngine startInternal
INFO: Starting Servlet Engine: Apache Tomcat/7.0.56
Oct 09, 2014 3:44:26 PM org.apache.catalina.startup.HostConfig deployDirectory
INFO: Deploying web application directory /home/evil/Documents/Test/tomcat7-mpos/webapps/manager
Oct 09, 2014 3:44:31 PM org.apache.catalina.util.SessionIdGenerator createSecureRandom
INFO: Creation of SecureRandom instance for session ID generation using [SHA1PRNG] took [127] milliseconds.
Oct 09, 2014 3:44:32 PM org.apache.catalina.startup.HostConfig deployDirectory
INFO: Deployment of web application directory /home/evil/Documents/Test/tomcat7-mpos/webapps/manager has finished in 5,408 ms
Oct 09, 2014 3:44:32 PM org.apache.catalina.startup.HostConfig deployDirectory
INFO: Deploying web application directory /home/evil/Documents/Test/tomcat7-mpos/webapps/host-manager
Oct 09, 2014 3:44:33 PM org.apache.catalina.startup.HostConfig deployDirectory
INFO: Deployment of web application directory /home/evil/Documents/Test/tomcat7-mpos/webapps/host-manager has finished in 849 ms
Oct 09, 2014 3:44:33 PM org.apache.catalina.startup.HostConfig deployDirectory
INFO: Deploying web application directory /home/evil/Documents/Test/tomcat7-mpos/webapps/docs
Oct 09, 2014 3:44:33 PM org.apache.catalina.startup.HostConfig deployDirectory
INFO: Deployment of web application directory /home/evil/Documents/Test/tomcat7-mpos/webapps/docs has finished in 893 ms
Oct 09, 2014 3:44:34 PM org.apache.catalina.startup.HostConfig deployDirectory
INFO: Deploying web application directory /home/evil/Documents/Test/tomcat7-mpos/webapps/examples
Oct 09, 2014 3:44:39 PM org.apache.catalina.startup.HostConfig deployDirectory
INFO: Deployment of web application directory /home/evil/Documents/Test/tomcat7-mpos/webapps/examples has finished in 5,313 ms
Oct 09, 2014 3:44:39 PM org.apache.catalina.startup.HostConfig deployDirectory
INFO: Deploying web application directory /home/evil/Documents/Test/tomcat7-mpos/webapps/ROOT
Oct 09, 2014 3:44:40 PM org.apache.catalina.startup.HostConfig deployDirectory
INFO: Deployment of web application directory /home/evil/Documents/Test/tomcat7-mpos/webapps/ROOT has finished in 938 ms
Oct 09, 2014 3:44:40 PM org.apache.catalina.startup.Catalina start
INFO: Server startup in 14242 ms
Oct 09, 2014 3:44:40 PM org.apache.catalina.core.StandardServer await
SEVERE: StandardServer.await: create[localhost:8008]: 
java.net.BindException: Address already in use
	at java.net.PlainSocketImpl.socketBind(Native Method)
	at java.net.AbstractPlainSocketImpl.bind(AbstractPlainSocketImpl.java:382)
	at java.net.ServerSocket.bind(ServerSocket.java:375)
	at java.net.ServerSocket.<init>(ServerSocket.java:237)
	at org.apache.catalina.core.StandardServer.await(StandardServer.java:427)
	at org.apache.catalina.startup.Catalina.await(Catalina.java:777)
	at org.apache.catalina.startup.Catalina.start(Catalina.java:723)
	at sun.reflect.NativeMethodAccessorImpl.invoke0(Native Method)
	at sun.reflect.NativeMethodAccessorImpl.invoke(NativeMethodAccessorImpl.java:62)
	at sun.reflect.DelegatingMethodAccessorImpl.invoke(DelegatingMethodAccessorImpl.java:43)
	at java.lang.reflect.Method.invoke(Method.java:483)
	at org.apache.catalina.startup.Bootstrap.start(Bootstrap.java:321)
	at org.apache.catalina.startup.Bootstrap.main(Bootstrap.java:455)

Oct 09, 2014 3:44:40 PM org.apache.coyote.AbstractProtocol pause
INFO: Pausing ProtocolHandler ["http-bio-8083"]
Oct 09, 2014 3:44:40 PM org.apache.coyote.AbstractProtocol pause
INFO: Pausing ProtocolHandler ["ajp-bio-8022"]
Oct 09, 2014 3:44:40 PM org.apache.catalina.core.StandardService stopInternal
INFO: Stopping service Catalina
Oct 09, 2014 3:44:40 PM org.apache.coyote.AbstractProtocol stop
INFO: Stopping ProtocolHandler ["http-bio-8083"]
Oct 09, 2014 3:44:40 PM org.apache.coyote.AbstractProtocol destroy
INFO: Destroying ProtocolHandler ["http-bio-8083"]
Oct 09, 2014 3:44:40 PM org.apache.coyote.AbstractProtocol stop
INFO: Stopping ProtocolHandler ["ajp-bio-8022"]
Oct 09, 2014 3:44:40 PM org.apache.coyote.AbstractProtocol destroy
INFO: Destroying ProtocolHandler ["ajp-bio-8022"]
Oct 09, 2014 3:47:33 PM org.apache.catalina.core.StandardServer await
INFO: A valid shutdown command was received via the shutdown port. Stopping the Server instance.
Oct 09, 2014 3:47:33 PM org.apache.coyote.AbstractProtocol pause
INFO: Pausing ProtocolHandler ["http-bio-8083"]
Oct 09, 2014 3:47:33 PM org.apache.coyote.AbstractProtocol pause
INFO: Pausing ProtocolHandler ["ajp-bio-8022"]
Oct 09, 2014 3:47:33 PM org.apache.catalina.core.StandardService stopInternal
INFO: Stopping service Catalina
Oct 09, 2014 3:47:33 PM org.apache.coyote.AbstractProtocol stop
INFO: Stopping ProtocolHandler ["http-bio-8083"]
Oct 09, 2014 3:47:33 PM org.apache.coyote.AbstractProtocol stop
INFO: Stopping ProtocolHandler ["ajp-bio-8022"]
Oct 09, 2014 3:47:33 PM org.apache.coyote.AbstractProtocol destroy
INFO: Destroying ProtocolHandler ["http-bio-8083"]
Oct 09, 2014 3:47:33 PM org.apache.coyote.AbstractProtocol destroy
INFO: Destroying ProtocolHandler ["ajp-bio-8022"]
